<?xml version="1.0" encoding="utf-8"?><testsuites name="pytest tests"><testsuite name="pytest" errors="0" failures="0" skipped="0" tests="14" time="52.627" timestamp="2026-08-12T18:17:32.842556+00:00" hostname="agent-env-582b89e1-d64b-457f-baae-67c1e18d0cdf"><testcase classname="tests.test_negotio_backend.TestScenarios" name="test_list_returns_8" time="0.271" /><testcase classname="tests.test_negotio_backend.TestNegotiationFlow" name="test_create_session" time="0.244" /><testcase classname="tests.test_negotio_backend.TestNegotiationFlow" name="test_get_session" time="0.122" /><testcase classname="tests.test_negotio_backend.TestScenarios" name="test_get_scenario_by_id" time="0.125" /><testcase classname="tests.test_negotio_backend.TestNegotiationFlow" name="test_send_message" time="4.231" /><testcase classname="tests.test_negotio_backend.TestScenarios" name="test_get_scenario_404" time="0.220" /><testcase classname="tests.test_negotio_backend.TestAuth" name="test_me_without_token_401" time="0.120" /><testcase classname="tests.test_negotio_backend.TestAuth" name="test_me_with_bearer" time="0.136" /><testcase classname="tests.test_negotio_backend.TestAuth" name="test_me_bad_token_401" time="0.181" /><testcase classname="tests.test_negotio_backend.TestListsAndStats" name="test_list_sessions" time="0.120" /><testcase classname="tests.test_negotio_backend.TestListsAndStats" name="test_stats" time="0.120" /><testcase classname="tests.test_negotio_backend.TestListsAndStats" name="test_create_session_bad_scenario" time="0.127" /><testcase classname="tests.test_negotio_backend.TestNegotiationFlow" name="test_generate_report" time="47.395" /><testcase classname="tests.test_negotio_backend.TestNegotiationFlow" name="test_message_after_complete_400" time="0.125" /></testsuite></testsuites>